<?xml version="1.0" encoding="UTF-8"?>
<testsuites tests="21" failures="0" disabled="0" errors="0" time="0.124" timestamp="2025-10-06T13:17:35.582" name="AllTests">
  <testsuite name="NECPatternTest" tests="8" failures="0" disabled="0" skipped="0" errors="0" time="0.009" timestamp="2025-10-06T13:17:35.582">
    <testcase name="NECFileParsing" file="/home/haaken/github-projects/fgcom-mumble/test/antenna_pattern_module_tests/test_nec_pattern.cpp" line="7" status="run" result="completed" time="0." timestamp="2025-10-06T13:17:35.582" classname="NECPatternTest" />
    <testcase name="RadiationPatternExtraction" file="/home/haaken/github-projects/fgcom-mumble/test/antenna_pattern_module_tests/test_nec_pattern.cpp" line="46" status="run" result="completed" time="0." timestamp="2025-10-06T13:17:35.582" classname="NECPatternTest" />
    <testcase name="GainInterpolation" file="/home/haaken/github-projects/fgcom-mumble/test/antenna_pattern_module_tests/test_nec_pattern.cpp" line="80" status="run" result="completed" time="0." timestamp="2025-10-06T13:17:35.582" classname="NECPatternTest" />
    <testcase name="AzimuthPatternLookup" file="/home/haaken/github-projects/fgcom-mumble/test/antenna_pattern_module_tests/test_nec_pattern.cpp" line="114" status="run" result="completed" time="0." timestamp="2025-10-06T13:17:35.583" classname="NECPatternTest" />
    <testcase name="ElevationPatternLookup" file="/home/haaken/github-projects/fgcom-mumble/test/antenna_pattern_module_tests/test_nec_pattern.cpp" line="148" status="run" result="completed" time="0." timestamp="2025-10-06T13:17:35.583" classname="NECPatternTest" />
    <testcase name="Pattern3DGeneration" file="/home/haaken/github-projects/fgcom-mumble/test/antenna_pattern_module_tests/test_nec_pattern.cpp" line="182" status="run" result="completed" time="0." timestamp="2025-10-06T13:17:35.583" classname="NECPatternTest" />
    <testcase name="NECPatternPerformance" file="/home/haaken/github-projects/fgcom-mumble/test/antenna_pattern_module_tests/test_nec_pattern.cpp" line="214" status="run" result="completed" time="0.007" timestamp="2025-10-06T13:17:35.583" classname="NECPatternTest" />
    <testcase name="NECPatternAccuracy" file="/home/haaken/github-projects/fgcom-mumble/test/antenna_pattern_module_tests/test_nec_pattern.cpp" line="238" status="run" result="completed" time="0." timestamp="2025-10-06T13:17:35.591" classname="NECPatternTest" />
  </testsuite>
  <testsuite name="VehicleAntennaTest" tests="7" failures="0" disabled="0" skipped="0" errors="0" time="0.058" timestamp="2025-10-06T13:17:35.592">
    <testcase name="AircraftAntennaBellyMounted" file="/home/haaken/github-projects/fgcom-mumble/test/antenna_pattern_module_tests/test_vehicle_antenna.cpp" line="7" status="run" result="completed" time="0.003" timestamp="2025-10-06T13:17:35.592" classname="VehicleAntennaTest" />
    <testcase name="GroundVehicleAntenna45DegreeTieDown" file="/home/haaken/github-projects/fgcom-mumble/test/antenna_pattern_module_tests/test_vehicle_antenna.cpp" line="58" status="run" result="completed" time="0.001" timestamp="2025-10-06T13:17:35.595" classname="VehicleAntennaTest" />
    <testcase name="HandheldAntennaVertical" file="/home/haaken/github-projects/fgcom-mumble/test/antenna_pattern_module_tests/test_vehicle_antenna.cpp" line="105" status="run" result="completed" time="0.001" timestamp="2025-10-06T13:17:35.597" classname="VehicleAntennaTest" />
    <testcase name="BaseStationAntennaElevated" file="/home/haaken/github-projects/fgcom-mumble/test/antenna_pattern_module_tests/test_vehicle_antenna.cpp" line="151" status="run" result="completed" time="0.001" timestamp="2025-10-06T13:17:35.598" classname="VehicleAntennaTest" />
    <testcase name="MaritimeAntennaShipMounted" file="/home/haaken/github-projects/fgcom-mumble/test/antenna_pattern_module_tests/test_vehicle_antenna.cpp" line="197" status="run" result="completed" time="0.003" timestamp="2025-10-06T13:17:35.600" classname="VehicleAntennaTest" />
    <testcase name="VehicleAntennaPerformance" file="/home/haaken/github-projects/fgcom-mumble/test/antenna_pattern_module_tests/test_vehicle_antenna.cpp" line="249" status="run" result="completed" time="0.045" timestamp="2025-10-06T13:17:35.603" classname="VehicleAntennaTest" />
    <testcase name="VehicleAntennaAccuracy" file="/home/haaken/github-projects/fgcom-mumble/test/antenna_pattern_module_tests/test_vehicle_antenna.cpp" line="276" status="run" result="completed" time="0." timestamp="2025-10-06T13:17:35.649" classname="VehicleAntennaTest" />
  </testsuite>
  <testsuite name="PatternConversionTest" tests="6" failures="0" disabled="0" skipped="0" errors="0" time="0.057" timestamp="2025-10-06T13:17:35.650">
    <testcase name="EZToNECConversion" file="/home/haaken/github-projects/fgcom-mumble/test/antenna_pattern_module_tests/test_pattern_conversion.cpp" line="8" status="run" result="completed" time="0." timestamp="2025-10-06T13:17:35.650" classname="PatternConversionTest" />
    <testcase name="EZNECFormatHandling" file="/home/haaken/github-projects/fgcom-mumble/test/antenna_pattern_module_tests/test_pattern_conversion.cpp" line="71" status="run" result="completed" time="0." timestamp="2025-10-06T13:17:35.650" classname="PatternConversionTest" />
    <testcase name="PatternNormalization" file="/home/haaken/github-projects/fgcom-mumble/test/antenna_pattern_module_tests/test_pattern_conversion.cpp" line="111" status="run" result="completed" time="0." timestamp="2025-10-06T13:17:35.650" classname="PatternConversionTest" />
    <testcase name="CoordinateSystemConversion" file="/home/haaken/github-projects/fgcom-mumble/test/antenna_pattern_module_tests/test_pattern_conversion.cpp" line="157" status="run" result="completed" time="0." timestamp="2025-10-06T13:17:35.650" classname="PatternConversionTest" />
    <testcase name="PatternConversionPerformance" file="/home/haaken/github-projects/fgcom-mumble/test/antenna_pattern_module_tests/test_pattern_conversion.cpp" line="221" status="run" result="completed" time="0.055" timestamp="2025-10-06T13:17:35.650" classname="PatternConversionTest" />
    <testcase name="PatternConversionAccuracy" file="/home/haaken/github-projects/fgcom-mumble/test/antenna_pattern_module_tests/test_pattern_conversion.cpp" line="253" status="run" result="completed" time="0." timestamp="2025-10-06T13:17:35.706" classname="PatternConversionTest" />
  </testsuite>
</testsuites>
