<?xml version="1.0" encoding="UTF-8"?>
<testsuites tests="21" failures="1" disabled="0" errors="0" time="41.39" timestamp="2025-10-02T18:45:09.449" name="AllTests">
  <testsuite name="RecordingTest" tests="7" failures="1" disabled="0" skipped="0" errors="0" time="34.215" timestamp="2025-10-02T18:45:09.478">
    <testcase name="VoiceRecordingStartStop" file="/home/haaken/github-projects/fgcom-mumble/test/atis_module_tests/test_recording.cpp" line="4" status="run" result="completed" time="0.273" timestamp="2025-10-02T18:45:09.480" classname="RecordingTest" />
    <testcase name="RecordingDurationLimits" file="/home/haaken/github-projects/fgcom-mumble/test/atis_module_tests/test_recording.cpp" line="31" status="run" result="completed" time="26.056" timestamp="2025-10-02T18:45:09.755" classname="RecordingTest" />
    <testcase name="AudioQualityVerification" file="/home/haaken/github-projects/fgcom-mumble/test/atis_module_tests/test_recording.cpp" line="86" status="run" result="completed" time="0.522" timestamp="2025-10-02T18:45:35.812" classname="RecordingTest" />
    <testcase name="FileFormatCorrectness" file="/home/haaken/github-projects/fgcom-mumble/test/atis_module_tests/test_recording.cpp" line="141" status="run" result="completed" time="0.237" timestamp="2025-10-02T18:45:36.334" classname="RecordingTest" />
    <testcase name="StorageManagement" file="/home/haaken/github-projects/fgcom-mumble/test/atis_module_tests/test_recording.cpp" line="196" status="run" result="completed" time="2.3" timestamp="2025-10-02T18:45:36.572" classname="RecordingTest" />
    <testcase name="RecordingPerformance" file="/home/haaken/github-projects/fgcom-mumble/test/atis_module_tests/test_recording.cpp" line="246" status="run" result="completed" time="4.566" timestamp="2025-10-02T18:45:38.872" classname="RecordingTest">
      <failure message="/home/haaken/github-projects/fgcom-mumble/test/atis_module_tests/test_recording.cpp:271&#x0A;Expected: (time_per_recording) &lt; (1000.0), actual: 45324.82 vs 1000&#x0A;Recording too slow: 45324.82 microseconds&#x0A;" type=""><![CDATA[/home/haaken/github-projects/fgcom-mumble/test/atis_module_tests/test_recording.cpp:271
Expected: (time_per_recording) < (1000.0), actual: 45324.82 vs 1000
Recording too slow: 45324.82 microseconds
]]></failure>
    </testcase>
    <testcase name="RecordingAccuracy" file="/home/haaken/github-projects/fgcom-mumble/test/atis_module_tests/test_recording.cpp" line="281" status="run" result="completed" time="0.254" timestamp="2025-10-02T18:45:43.439" classname="RecordingTest" />
  </testsuite>
  <testsuite name="PlaybackTest" tests="7" failures="0" disabled="0" skipped="0" errors="0" time="7.021" timestamp="2025-10-02T18:45:43.696">
    <testcase name="PlaybackOnDemand" file="/home/haaken/github-projects/fgcom-mumble/test/atis_module_tests/test_playback.cpp" line="4" status="run" result="completed" time="0.227" timestamp="2025-10-02T18:45:43.696" classname="PlaybackTest" />
    <testcase name="LoopPlayback" file="/home/haaken/github-projects/fgcom-mumble/test/atis_module_tests/test_playback.cpp" line="38" status="run" result="completed" time="0.206" timestamp="2025-10-02T18:45:43.924" classname="PlaybackTest" />
    <testcase name="MultipleSimultaneousPlaybacks" file="/home/haaken/github-projects/fgcom-mumble/test/atis_module_tests/test_playback.cpp" line="77" status="run" result="completed" time="0.834" timestamp="2025-10-02T18:45:44.130" classname="PlaybackTest" />
    <testcase name="PlaybackInterruption" file="/home/haaken/github-projects/fgcom-mumble/test/atis_module_tests/test_playback.cpp" line="131" status="run" result="completed" time="0.475" timestamp="2025-10-02T18:45:44.967" classname="PlaybackTest" />
    <testcase name="AudioSyncWithTransmission" file="/home/haaken/github-projects/fgcom-mumble/test/atis_module_tests/test_playback.cpp" line="176" status="run" result="completed" time="0.494" timestamp="2025-10-02T18:45:45.442" classname="PlaybackTest" />
    <testcase name="PlaybackPerformance" file="/home/haaken/github-projects/fgcom-mumble/test/atis_module_tests/test_playback.cpp" line="228" status="run" result="completed" time="4.433" timestamp="2025-10-02T18:45:45.937" classname="PlaybackTest" />
    <testcase name="PlaybackAccuracy" file="/home/haaken/github-projects/fgcom-mumble/test/atis_module_tests/test_playback.cpp" line="269" status="run" result="completed" time="0.346" timestamp="2025-10-02T18:45:50.370" classname="PlaybackTest" />
  </testsuite>
  <testsuite name="ATISContentTest" tests="7" failures="0" disabled="0" skipped="0" errors="0" time="0.122" timestamp="2025-10-02T18:45:50.717">
    <testcase name="AirportCodeParsing" file="/home/haaken/github-projects/fgcom-mumble/test/atis_module_tests/test_atis_content.cpp" line="4" status="run" result="completed" time="0.004" timestamp="2025-10-02T18:45:50.717" classname="ATISContentTest" />
    <testcase name="WeatherInformationFormatting" file="/home/haaken/github-projects/fgcom-mumble/test/atis_module_tests/test_atis_content.cpp" line="43" status="run" result="completed" time="0.004" timestamp="2025-10-02T18:45:50.722" classname="ATISContentTest" />
    <testcase name="RunwayInformation" file="/home/haaken/github-projects/fgcom-mumble/test/atis_module_tests/test_atis_content.cpp" line="77" status="run" result="completed" time="0.004" timestamp="2025-10-02T18:45:50.727" classname="ATISContentTest" />
    <testcase name="TimeDateStamping" file="/home/haaken/github-projects/fgcom-mumble/test/atis_module_tests/test_atis_content.cpp" line="110" status="run" result="completed" time="0.009" timestamp="2025-10-02T18:45:50.731" classname="ATISContentTest" />
    <testcase name="PhoneticAlphabetConversion" file="/home/haaken/github-projects/fgcom-mumble/test/atis_module_tests/test_atis_content.cpp" line="165" status="run" result="completed" time="0.012" timestamp="2025-10-02T18:45:50.741" classname="ATISContentTest" />
    <testcase name="ATISContentPerformance" file="/home/haaken/github-projects/fgcom-mumble/test/atis_module_tests/test_atis_content.cpp" line="211" status="run" result="completed" time="0.08" timestamp="2025-10-02T18:45:50.753" classname="ATISContentTest" />
    <testcase name="ATISContentAccuracy" file="/home/haaken/github-projects/fgcom-mumble/test/atis_module_tests/test_atis_content.cpp" line="242" status="run" result="completed" time="0.006" timestamp="2025-10-02T18:45:50.834" classname="ATISContentTest" />
  </testsuite>
</testsuites>
