<?xml version="1.0" encoding="UTF-8"?>
<testsuites tests="17" failures="0" disabled="0" errors="0" time="0.616" timestamp="2025-10-02T18:47:47.850" name="AllTests">
  <testsuite name="CSVParsingTest" tests="9" failures="0" disabled="0" skipped="0" errors="0" time="0.363" timestamp="2025-10-02T18:47:47.875">
    <testcase name="AmateurRadioBandSegmentsCSV" file="/home/haaken/github-projects/fgcom-mumble/test/database_configuration_module_tests/test_csv_parsing.cpp" line="4" status="run" result="completed" time="0.06" timestamp="2025-10-02T18:47:47.876" classname="CSVParsingTest" />
    <testcase name="HeaderParsing" file="/home/haaken/github-projects/fgcom-mumble/test/database_configuration_module_tests/test_csv_parsing.cpp" line="46" status="run" result="completed" time="0.005" timestamp="2025-10-02T18:47:47.939" classname="CSVParsingTest" />
    <testcase name="DataTypeValidation" file="/home/haaken/github-projects/fgcom-mumble/test/database_configuration_module_tests/test_csv_parsing.cpp" line="72" status="run" result="completed" time="0.04" timestamp="2025-10-02T18:47:47.944" classname="CSVParsingTest" />
    <testcase name="MissingFieldHandling" file="/home/haaken/github-projects/fgcom-mumble/test/database_configuration_module_tests/test_csv_parsing.cpp" line="107" status="run" result="completed" time="0.003" timestamp="2025-10-02T18:47:47.985" classname="CSVParsingTest" />
    <testcase name="CommentLineSkipping" file="/home/haaken/github-projects/fgcom-mumble/test/database_configuration_module_tests/test_csv_parsing.cpp" line="129" status="run" result="completed" time="0.002" timestamp="2025-10-02T18:47:47.989" classname="CSVParsingTest" />
    <testcase name="QuoteHandling" file="/home/haaken/github-projects/fgcom-mumble/test/database_configuration_module_tests/test_csv_parsing.cpp" line="152" status="run" result="completed" time="0.003" timestamp="2025-10-02T18:47:47.991" classname="CSVParsingTest" />
    <testcase name="DelimiterDetection" file="/home/haaken/github-projects/fgcom-mumble/test/database_configuration_module_tests/test_csv_parsing.cpp" line="177" status="run" result="completed" time="0.007" timestamp="2025-10-02T18:47:47.995" classname="CSVParsingTest" />
    <testcase name="CSVParsingPerformance" file="/home/haaken/github-projects/fgcom-mumble/test/database_configuration_module_tests/test_csv_parsing.cpp" line="201" status="run" result="completed" time="0.229" timestamp="2025-10-02T18:47:48.002" classname="CSVParsingTest" />
    <testcase name="CSVParsingAccuracy" file="/home/haaken/github-projects/fgcom-mumble/test/database_configuration_module_tests/test_csv_parsing.cpp" line="225" status="run" result="completed" time="0.007" timestamp="2025-10-02T18:47:48.232" classname="CSVParsingTest" />
  </testsuite>
  <testsuite name="ConfigurationFileTest" tests="8" failures="0" disabled="0" skipped="0" errors="0" time="0.225" timestamp="2025-10-02T18:47:48.241">
    <testcase name="INIFileParsing" file="/home/haaken/github-projects/fgcom-mumble/test/database_configuration_module_tests/test_configuration_file.cpp" line="4" status="run" result="completed" time="0.016" timestamp="2025-10-02T18:47:48.241" classname="ConfigurationFileTest" />
    <testcase name="SectionHandling" file="/home/haaken/github-projects/fgcom-mumble/test/database_configuration_module_tests/test_configuration_file.cpp" line="36" status="run" result="completed" time="0.005" timestamp="2025-10-02T18:47:48.258" classname="ConfigurationFileTest" />
    <testcase name="KeyValuePairExtraction" file="/home/haaken/github-projects/fgcom-mumble/test/database_configuration_module_tests/test_configuration_file.cpp" line="71" status="run" result="completed" time="0.006" timestamp="2025-10-02T18:47:48.263" classname="ConfigurationFileTest" />
    <testcase name="CommentHandling" file="/home/haaken/github-projects/fgcom-mumble/test/database_configuration_module_tests/test_configuration_file.cpp" line="109" status="run" result="completed" time="0.002" timestamp="2025-10-02T18:47:48.270" classname="ConfigurationFileTest" />
    <testcase name="DefaultValueHandling" file="/home/haaken/github-projects/fgcom-mumble/test/database_configuration_module_tests/test_configuration_file.cpp" line="136" status="run" result="completed" time="0.007" timestamp="2025-10-02T18:47:48.273" classname="ConfigurationFileTest" />
    <testcase name="InvalidSyntaxHandling" file="/home/haaken/github-projects/fgcom-mumble/test/database_configuration_module_tests/test_configuration_file.cpp" line="165" status="run" result="completed" time="0.003" timestamp="2025-10-02T18:47:48.281" classname="ConfigurationFileTest" />
    <testcase name="ConfigurationFilePerformance" file="/home/haaken/github-projects/fgcom-mumble/test/database_configuration_module_tests/test_configuration_file.cpp" line="197" status="run" result="completed" time="0.174" timestamp="2025-10-02T18:47:48.285" classname="ConfigurationFileTest" />
    <testcase name="ConfigurationFileAccuracy" file="/home/haaken/github-projects/fgcom-mumble/test/database_configuration_module_tests/test_configuration_file.cpp" line="221" status="run" result="completed" time="0.007" timestamp="2025-10-02T18:47:48.459" classname="ConfigurationFileTest" />
  </testsuite>
</testsuites>
