<?xml version="1.0" encoding="UTF-8"?>
<testsuites tests="52" failures="1" disabled="0" errors="0" time="0.214" timestamp="2025-10-02T04:12:25.594" name="AllTests">
  <testsuite name="LineOfSightTest" tests="10" failures="0" disabled="0" skipped="0" errors="0" time="0.052" timestamp="2025-10-02T04:12:25.624">
    <testcase name="DirectLOSCalculation" file="/home/haaken/github-projects/fgcom-mumble/test/radio_propagation_tests/test_line_of_sight.cpp" line="4" status="run" result="completed" time="0.008" timestamp="2025-10-02T04:12:25.626" classname="LineOfSightTest" />
    <testcase name="TerrainObstructionDetection" file="/home/haaken/github-projects/fgcom-mumble/test/radio_propagation_tests/test_line_of_sight.cpp" line="19" status="run" result="completed" time="0.001" timestamp="2025-10-02T04:12:25.636" classname="LineOfSightTest" />
    <testcase name="EarthCurvatureEffects" file="/home/haaken/github-projects/fgcom-mumble/test/radio_propagation_tests/test_line_of_sight.cpp" line="45" status="run" result="completed" time="0.001" timestamp="2025-10-02T04:12:25.638" classname="LineOfSightTest" />
    <testcase name="AltitudeBasedRangeCalculation" file="/home/haaken/github-projects/fgcom-mumble/test/radio_propagation_tests/test_line_of_sight.cpp" line="65" status="run" result="completed" time="0.001" timestamp="2025-10-02T04:12:25.640" classname="LineOfSightTest" />
    <testcase name="FresnelZoneClearance" file="/home/haaken/github-projects/fgcom-mumble/test/radio_propagation_tests/test_line_of_sight.cpp" line="89" status="run" result="completed" time="0.002" timestamp="2025-10-02T04:12:25.642" classname="LineOfSightTest" />
    <testcase name="MultipleObstructionHandling" file="/home/haaken/github-projects/fgcom-mumble/test/radio_propagation_tests/test_line_of_sight.cpp" line="120" status="run" result="completed" time="0.002" timestamp="2025-10-02T04:12:25.644" classname="LineOfSightTest" />
    <testcase name="LOSWithDifferentDistances" file="/home/haaken/github-projects/fgcom-mumble/test/radio_propagation_tests/test_line_of_sight.cpp" line="151" status="run" result="completed" time="0.002" timestamp="2025-10-02T04:12:25.647" classname="LineOfSightTest" />
    <testcase name="LOSWithDifferentAltitudes" file="/home/haaken/github-projects/fgcom-mumble/test/radio_propagation_tests/test_line_of_sight.cpp" line="174" status="run" result="completed" time="0.002" timestamp="2025-10-02T04:12:25.649" classname="LineOfSightTest" />
    <testcase name="LOSPerformanceTest" file="/home/haaken/github-projects/fgcom-mumble/test/radio_propagation_tests/test_line_of_sight.cpp" line="205" status="run" result="completed" time="0.018" timestamp="2025-10-02T04:12:25.652" classname="LineOfSightTest" />
    <testcase name="LOSWithTerrainProfile" file="/home/haaken/github-projects/fgcom-mumble/test/radio_propagation_tests/test_line_of_sight.cpp" line="240" status="run" result="completed" time="0.006" timestamp="2025-10-02T04:12:25.670" classname="LineOfSightTest" />
  </testsuite>
  <testsuite name="FrequencyPropagationTest" tests="11" failures="0" disabled="0" skipped="0" errors="0" time="0.026" timestamp="2025-10-02T04:12:25.679">
    <testcase name="VHFPropagation" file="/home/haaken/github-projects/fgcom-mumble/test/radio_propagation_tests/test_frequency_propagation.cpp" line="4" status="run" result="completed" time="0.002" timestamp="2025-10-02T04:12:25.679" classname="FrequencyPropagationTest" />
    <testcase name="UHFPropagation" file="/home/haaken/github-projects/fgcom-mumble/test/radio_propagation_tests/test_frequency_propagation.cpp" line="36" status="run" result="completed" time="0.002" timestamp="2025-10-02T04:12:25.682" classname="FrequencyPropagationTest" />
    <testcase name="HFPropagation" file="/home/haaken/github-projects/fgcom-mumble/test/radio_propagation_tests/test_frequency_propagation.cpp" line="63" status="run" result="completed" time="0.002" timestamp="2025-10-02T04:12:25.685" classname="FrequencyPropagationTest" />
    <testcase name="FrequencyBasedPathLoss" file="/home/haaken/github-projects/fgcom-mumble/test/radio_propagation_tests/test_frequency_propagation.cpp" line="93" status="run" result="completed" time="0.003" timestamp="2025-10-02T04:12:25.687" classname="FrequencyPropagationTest" />
    <testcase name="AtmosphericAbsorption" file="/home/haaken/github-projects/fgcom-mumble/test/radio_propagation_tests/test_frequency_propagation.cpp" line="114" status="run" result="completed" time="0.002" timestamp="2025-10-02T04:12:25.690" classname="FrequencyPropagationTest" />
    <testcase name="GroundWavePropagationHF" file="/home/haaken/github-projects/fgcom-mumble/test/radio_propagation_tests/test_frequency_propagation.cpp" line="146" status="run" result="completed" time="0.001" timestamp="2025-10-02T04:12:25.692" classname="FrequencyPropagationTest" />
    <testcase name="SkyWavePropagationHF" file="/home/haaken/github-projects/fgcom-mumble/test/radio_propagation_tests/test_frequency_propagation.cpp" line="167" status="run" result="completed" time="0.001" timestamp="2025-10-02T04:12:25.694" classname="FrequencyPropagationTest" />
    <testcase name="IonosphericReflection" file="/home/haaken/github-projects/fgcom-mumble/test/radio_propagation_tests/test_frequency_propagation.cpp" line="183" status="run" result="completed" time="0.002" timestamp="2025-10-02T04:12:25.696" classname="FrequencyPropagationTest" />
    <testcase name="FrequencyResponseCurve" file="/home/haaken/github-projects/fgcom-mumble/test/radio_propagation_tests/test_frequency_propagation.cpp" line="208" status="run" result="completed" time="0.002" timestamp="2025-10-02T04:12:25.698" classname="FrequencyPropagationTest" />
    <testcase name="PropagationModeSelection" file="/home/haaken/github-projects/fgcom-mumble/test/radio_propagation_tests/test_frequency_propagation.cpp" line="227" status="run" result="completed" time="0.002" timestamp="2025-10-02T04:12:25.700" classname="FrequencyPropagationTest" />
    <testcase name="FrequencyBandCharacteristics" file="/home/haaken/github-projects/fgcom-mumble/test/radio_propagation_tests/test_frequency_propagation.cpp" line="258" status="run" result="completed" time="0.002" timestamp="2025-10-02T04:12:25.703" classname="FrequencyPropagationTest" />
  </testsuite>
  <testsuite name="AntennaPatternTest" tests="11" failures="0" disabled="0" skipped="0" errors="0" time="0.024" timestamp="2025-10-02T04:12:25.706">
    <testcase name="OmnidirectionalPattern" file="/home/haaken/github-projects/fgcom-mumble/test/radio_propagation_tests/test_antenna_patterns.cpp" line="4" status="run" result="completed" time="0.002" timestamp="2025-10-02T04:12:25.706" classname="AntennaPatternTest" />
    <testcase name="DirectionalPatternYagi" file="/home/haaken/github-projects/fgcom-mumble/test/radio_propagation_tests/test_antenna_patterns.cpp" line="29" status="run" result="completed" time="0.001" timestamp="2025-10-02T04:12:25.708" classname="AntennaPatternTest" />
    <testcase name="VerticalPolarization" file="/home/haaken/github-projects/fgcom-mumble/test/radio_propagation_tests/test_antenna_patterns.cpp" line="67" status="run" result="completed" time="0.001" timestamp="2025-10-02T04:12:25.710" classname="AntennaPatternTest" />
    <testcase name="HorizontalPolarization" file="/home/haaken/github-projects/fgcom-mumble/test/radio_propagation_tests/test_antenna_patterns.cpp" line="101" status="run" result="completed" time="0.002" timestamp="2025-10-02T04:12:25.712" classname="AntennaPatternTest" />
    <testcase name="GainCalculationAtVariousAngles" file="/home/haaken/github-projects/fgcom-mumble/test/radio_propagation_tests/test_antenna_patterns.cpp" line="135" status="run" result="completed" time="0.001" timestamp="2025-10-02T04:12:25.714" classname="AntennaPatternTest" />
    <testcase name="FrontToBackRatio" file="/home/haaken/github-projects/fgcom-mumble/test/radio_propagation_tests/test_antenna_patterns.cpp" line="170" status="run" result="completed" time="0." timestamp="2025-10-02T04:12:25.715" classname="AntennaPatternTest" />
    <testcase name="ElevationAngleEffects" file="/home/haaken/github-projects/fgcom-mumble/test/radio_propagation_tests/test_antenna_patterns.cpp" line="184" status="run" result="completed" time="0.002" timestamp="2025-10-02T04:12:25.716" classname="AntennaPatternTest" />
    <testcase name="AzimuthAngleEffects" file="/home/haaken/github-projects/fgcom-mumble/test/radio_propagation_tests/test_antenna_patterns.cpp" line="228" status="run" result="completed" time="0.003" timestamp="2025-10-02T04:12:25.719" classname="AntennaPatternTest" />
    <testcase name="AntennaPatternInterpolation" file="/home/haaken/github-projects/fgcom-mumble/test/radio_propagation_tests/test_antenna_patterns.cpp" line="273" status="run" result="completed" time="0.002" timestamp="2025-10-02T04:12:25.723" classname="AntennaPatternTest" />
    <testcase name="AntennaPatternSymmetry" file="/home/haaken/github-projects/fgcom-mumble/test/radio_propagation_tests/test_antenna_patterns.cpp" line="298" status="run" result="completed" time="0.001" timestamp="2025-10-02T04:12:25.725" classname="AntennaPatternTest" />
    <testcase name="AntennaPatternPerformance" file="/home/haaken/github-projects/fgcom-mumble/test/radio_propagation_tests/test_antenna_patterns.cpp" line="324" status="run" result="completed" time="0.003" timestamp="2025-10-02T04:12:25.727" classname="AntennaPatternTest" />
  </testsuite>
  <testsuite name="EnvironmentalEffectsTest" tests="10" failures="0" disabled="0" skipped="0" errors="0" time="0.027" timestamp="2025-10-02T04:12:25.731">
    <testcase name="WeatherImpactRain" file="/home/haaken/github-projects/fgcom-mumble/test/radio_propagation_tests/test_environmental_effects.cpp" line="4" status="run" result="completed" time="0.002" timestamp="2025-10-02T04:12:25.731" classname="EnvironmentalEffectsTest" />
    <testcase name="WeatherImpactFog" file="/home/haaken/github-projects/fgcom-mumble/test/radio_propagation_tests/test_environmental_effects.cpp" line="38" status="run" result="completed" time="0.002" timestamp="2025-10-02T04:12:25.733" classname="EnvironmentalEffectsTest" />
    <testcase name="WeatherImpactSnow" file="/home/haaken/github-projects/fgcom-mumble/test/radio_propagation_tests/test_environmental_effects.cpp" line="81" status="run" result="completed" time="0.002" timestamp="2025-10-02T04:12:25.736" classname="EnvironmentalEffectsTest" />
    <testcase name="TemperatureEffects" file="/home/haaken/github-projects/fgcom-mumble/test/radio_propagation_tests/test_environmental_effects.cpp" line="124" status="run" result="completed" time="0.002" timestamp="2025-10-02T04:12:25.739" classname="EnvironmentalEffectsTest" />
    <testcase name="HumidityEffects" file="/home/haaken/github-projects/fgcom-mumble/test/radio_propagation_tests/test_environmental_effects.cpp" line="156" status="run" result="completed" time="0.002" timestamp="2025-10-02T04:12:25.742" classname="EnvironmentalEffectsTest" />
    <testcase name="AtmosphericPressureEffects" file="/home/haaken/github-projects/fgcom-mumble/test/radio_propagation_tests/test_environmental_effects.cpp" line="184" status="run" result="completed" time="0.003" timestamp="2025-10-02T04:12:25.744" classname="EnvironmentalEffectsTest" />
    <testcase name="DuctingConditions" file="/home/haaken/github-projects/fgcom-mumble/test/radio_propagation_tests/test_environmental_effects.cpp" line="220" status="run" result="completed" time="0.003" timestamp="2025-10-02T04:12:25.748" classname="EnvironmentalEffectsTest" />
    <testcase name="TroposphericScatter" file="/home/haaken/github-projects/fgcom-mumble/test/radio_propagation_tests/test_environmental_effects.cpp" line="274" status="run" result="completed" time="0.001" timestamp="2025-10-02T04:12:25.752" classname="EnvironmentalEffectsTest" />
    <testcase name="CombinedWeatherEffects" file="/home/haaken/github-projects/fgcom-mumble/test/radio_propagation_tests/test_environmental_effects.cpp" line="306" status="run" result="completed" time="0.001" timestamp="2025-10-02T04:12:25.753" classname="EnvironmentalEffectsTest" />
    <testcase name="EnvironmentalEffectsPerformance" file="/home/haaken/github-projects/fgcom-mumble/test/radio_propagation_tests/test_environmental_effects.cpp" line="348" status="run" result="completed" time="0.003" timestamp="2025-10-02T04:12:25.755" classname="EnvironmentalEffectsTest" />
  </testsuite>
  <testsuite name="NoiseFloorTest" tests="10" failures="1" disabled="0" skipped="0" errors="0" time="0.05" timestamp="2025-10-02T04:12:25.759">
    <testcase name="AtmosphericNoiseITURP372" file="/home/haaken/github-projects/fgcom-mumble/test/radio_propagation_tests/test_noise_floor.cpp" line="4" status="run" result="completed" time="0.002" timestamp="2025-10-02T04:12:25.759" classname="NoiseFloorTest" />
    <testcase name="ManMadeNoise" file="/home/haaken/github-projects/fgcom-mumble/test/radio_propagation_tests/test_noise_floor.cpp" line="40" status="run" result="completed" time="0.002" timestamp="2025-10-02T04:12:25.762" classname="NoiseFloorTest" />
    <testcase name="GalacticNoise" file="/home/haaken/github-projects/fgcom-mumble/test/radio_propagation_tests/test_noise_floor.cpp" line="76" status="run" result="completed" time="0.002" timestamp="2025-10-02T04:12:25.764" classname="NoiseFloorTest" />
    <testcase name="EVChargingStationNoise" file="/home/haaken/github-projects/fgcom-mumble/test/radio_propagation_tests/test_noise_floor.cpp" line="108" status="run" result="completed" time="0.002" timestamp="2025-10-02T04:12:25.767" classname="NoiseFloorTest" />
    <testcase name="PowerSubstationNoise" file="/home/haaken/github-projects/fgcom-mumble/test/radio_propagation_tests/test_noise_floor.cpp" line="144" status="run" result="completed" time="0.002" timestamp="2025-10-02T04:12:25.770" classname="NoiseFloorTest" />
    <testcase name="DistanceBasedNoiseAttenuation" file="/home/haaken/github-projects/fgcom-mumble/test/radio_propagation_tests/test_noise_floor.cpp" line="180" status="run" result="completed" time="0.002" timestamp="2025-10-02T04:12:25.773" classname="NoiseFloorTest" />
    <testcase name="FrequencyDependentNoiseLevels" file="/home/haaken/github-projects/fgcom-mumble/test/radio_propagation_tests/test_noise_floor.cpp" line="215" status="run" result="completed" time="0.002" timestamp="2025-10-02T04:12:25.775" classname="NoiseFloorTest" />
    <testcase name="NoiseFloorCalculationAccuracy" file="/home/haaken/github-projects/fgcom-mumble/test/radio_propagation_tests/test_noise_floor.cpp" line="254" status="run" result="completed" time="0.002" timestamp="2025-10-02T04:12:25.778" classname="NoiseFloorTest" />
    <testcase name="NoiseFloorWithEnvironmentalConditions" file="/home/haaken/github-projects/fgcom-mumble/test/radio_propagation_tests/test_noise_floor.cpp" line="285" status="run" result="completed" time="0.002" timestamp="2025-10-02T04:12:25.781" classname="NoiseFloorTest" />
    <testcase name="NoiseFloorPerformance" file="/home/haaken/github-projects/fgcom-mumble/test/radio_propagation_tests/test_noise_floor.cpp" line="316" status="run" result="completed" time="0.024" timestamp="2025-10-02T04:12:25.783" classname="NoiseFloorTest">
      <failure message="/home/haaken/github-projects/fgcom-mumble/test/radio_propagation_tests/test_noise_floor.cpp:354&#x0A;Expected: (time_per_calculation) &lt; (2.0), actual: 3.406 vs 2&#x0A;Noise floor calculation too slow: 3.4060000000000001 microseconds&#x0A;" type=""><![CDATA[/home/haaken/github-projects/fgcom-mumble/test/radio_propagation_tests/test_noise_floor.cpp:354
Expected: (time_per_calculation) < (2.0), actual: 3.406 vs 2
Noise floor calculation too slow: 3.4060000000000001 microseconds
]]></failure>
    </testcase>
  </testsuite>
</testsuites>
