<?xml version="1.0" encoding="UTF-8"?>
<testsuites tests="1" failures="1" disabled="0" errors="0" time="0.002" timestamp="2025-10-06T02:52:45.471" name="AllTests">
  <testsuite name="PerformanceTest" tests="1" failures="1" disabled="0" skipped="0" errors="0" time="0.002" timestamp="2025-10-06T02:52:45.471">
    <testcase name="BoundaryValuePrecision" file="test_performance_edge_cases.cpp" line="381" status="run" result="completed" time="0.002" timestamp="2025-10-06T02:52:45.471" classname="PerformanceTest">
      <failure message="test_performance_edge_cases.cpp:407&#x0A;Value of: result&#x0A;  Actual: true&#x0A;Expected: false&#x0A;Should fail for invalid boundary value: -1&#x0A;" type=""><![CDATA[test_performance_edge_cases.cpp:407
Value of: result
  Actual: true
Expected: false
Should fail for invalid boundary value: -1
]]></failure>
      <failure message="test_performance_edge_cases.cpp:407&#x0A;Value of: result&#x0A;  Actual: true&#x0A;Expected: false&#x0A;Should fail for invalid boundary value: 10001&#x0A;" type=""><![CDATA[test_performance_edge_cases.cpp:407
Value of: result
  Actual: true
Expected: false
Should fail for invalid boundary value: 10001
]]></failure>
      <failure message="test_performance_edge_cases.cpp:407&#x0A;Value of: result&#x0A;  Actual: true&#x0A;Expected: false&#x0A;Should fail for invalid boundary value: 2147483647&#x0A;" type=""><![CDATA[test_performance_edge_cases.cpp:407
Value of: result
  Actual: true
Expected: false
Should fail for invalid boundary value: 2147483647
]]></failure>
      <failure message="test_performance_edge_cases.cpp:407&#x0A;Value of: result&#x0A;  Actual: true&#x0A;Expected: false&#x0A;Should fail for invalid boundary value: -2147483648&#x0A;" type=""><![CDATA[test_performance_edge_cases.cpp:407
Value of: result
  Actual: true
Expected: false
Should fail for invalid boundary value: -2147483648
]]></failure>
    </testcase>
  </testsuite>
</testsuites>
