<?xml version="1.0" encoding="UTF-8"?>
<testsuites tests="26" failures="1" disabled="0" errors="0" time="0.004" timestamp="2025-10-02T18:46:07.101" name="AllTests">
  <testsuite name="Audio_Processing_Test" tests="3" failures="0" disabled="0" skipped="0" errors="0" time="0." timestamp="2025-10-02T18:46:07.101">
    <testcase name="BasicAudioProcessing" file="/home/haaken/github-projects/fgcom-mumble/test/audio_processing_tests/test_audio_processing_main.cpp" line="4" status="run" result="completed" time="0." timestamp="2025-10-02T18:46:07.101" classname="Audio_Processing_Test" />
    <testcase name="AudioProcessingPerformance" file="/home/haaken/github-projects/fgcom-mumble/test/audio_processing_tests/test_audio_processing_main.cpp" line="28" status="run" result="completed" time="0." timestamp="2025-10-02T18:46:07.101" classname="Audio_Processing_Test" />
    <testcase name="AudioProcessingQuality" file="/home/haaken/github-projects/fgcom-mumble/test/audio_processing_tests/test_audio_processing_main.cpp" line="48" status="run" result="completed" time="0." timestamp="2025-10-02T18:46:07.102" classname="Audio_Processing_Test" />
  </testsuite>
  <testsuite name="CodecTest" tests="7" failures="0" disabled="0" skipped="0" errors="0" time="0." timestamp="2025-10-02T18:46:07.102">
    <testcase name="OpusEncodingDecoding" file="/home/haaken/github-projects/fgcom-mumble/test/audio_processing_tests/test_codec.cpp" line="4" status="run" result="completed" time="0." timestamp="2025-10-02T18:46:07.102" classname="CodecTest" />
    <testcase name="BitrateAdaptation" file="/home/haaken/github-projects/fgcom-mumble/test/audio_processing_tests/test_codec.cpp" line="55" status="run" result="completed" time="0." timestamp="2025-10-02T18:46:07.102" classname="CodecTest" />
    <testcase name="PacketLossConcealment" file="/home/haaken/github-projects/fgcom-mumble/test/audio_processing_tests/test_codec.cpp" line="114" status="run" result="completed" time="0." timestamp="2025-10-02T18:46:07.102" classname="CodecTest" />
    <testcase name="ForwardErrorCorrection" file="/home/haaken/github-projects/fgcom-mumble/test/audio_processing_tests/test_codec.cpp" line="164" status="run" result="completed" time="0." timestamp="2025-10-02T18:46:07.102" classname="CodecTest" />
    <testcase name="LatencyMeasurement" file="/home/haaken/github-projects/fgcom-mumble/test/audio_processing_tests/test_codec.cpp" line="219" status="run" result="completed" time="0." timestamp="2025-10-02T18:46:07.102" classname="CodecTest" />
    <testcase name="CodecPerformance" file="/home/haaken/github-projects/fgcom-mumble/test/audio_processing_tests/test_codec.cpp" line="271" status="run" result="completed" time="0." timestamp="2025-10-02T18:46:07.102" classname="CodecTest" />
    <testcase name="CodecQualityAssessment" file="/home/haaken/github-projects/fgcom-mumble/test/audio_processing_tests/test_codec.cpp" line="314" status="run" result="completed" time="0." timestamp="2025-10-02T18:46:07.102" classname="CodecTest" />
  </testsuite>
  <testsuite name="AudioEffectsTest" tests="8" failures="1" disabled="0" skipped="0" errors="0" time="0." timestamp="2025-10-02T18:46:07.102">
    <testcase name="BackgroundNoiseInjection" file="/home/haaken/github-projects/fgcom-mumble/test/audio_processing_tests/test_audio_effects.cpp" line="4" status="run" result="completed" time="0." timestamp="2025-10-02T18:46:07.102" classname="AudioEffectsTest" />
    <testcase name="SquelchTailElimination" file="/home/haaken/github-projects/fgcom-mumble/test/audio_processing_tests/test_audio_effects.cpp" line="44" status="run" result="completed" time="0." timestamp="2025-10-02T18:46:07.102" classname="AudioEffectsTest" />
    <testcase name="ClickRemoval" file="/home/haaken/github-projects/fgcom-mumble/test/audio_processing_tests/test_audio_effects.cpp" line="83" status="run" result="completed" time="0." timestamp="2025-10-02T18:46:07.102" classname="AudioEffectsTest" />
    <testcase name="AudioLimiting" file="/home/haaken/github-projects/fgcom-mumble/test/audio_processing_tests/test_audio_effects.cpp" line="129" status="run" result="completed" time="0." timestamp="2025-10-02T18:46:07.102" classname="AudioEffectsTest" />
    <testcase name="CompressionExpansion" file="/home/haaken/github-projects/fgcom-mumble/test/audio_processing_tests/test_audio_effects.cpp" line="177" status="run" result="completed" time="0." timestamp="2025-10-02T18:46:07.103" classname="AudioEffectsTest" />
    <testcase name="AudioEffectsCombination" file="/home/haaken/github-projects/fgcom-mumble/test/audio_processing_tests/test_audio_effects.cpp" line="250" status="run" result="completed" time="0." timestamp="2025-10-02T18:46:07.103" classname="AudioEffectsTest">
      <failure message="/home/haaken/github-projects/fgcom-mumble/test/audio_processing_tests/test_audio_effects.cpp:291&#x0A;Expected: (output_rms) &gt; (input_rms), actual: 0.355517477 vs 0.356347591&#x0A;Output RMS should be higher after noise addition&#x0A;" type=""><![CDATA[/home/haaken/github-projects/fgcom-mumble/test/audio_processing_tests/test_audio_effects.cpp:291
Expected: (output_rms) > (input_rms), actual: 0.355517477 vs 0.356347591
Output RMS should be higher after noise addition
]]></failure>
    </testcase>
    <testcase name="AudioEffectsPerformance" file="/home/haaken/github-projects/fgcom-mumble/test/audio_processing_tests/test_audio_effects.cpp" line="306" status="run" result="completed" time="0." timestamp="2025-10-02T18:46:07.103" classname="AudioEffectsTest" />
    <testcase name="AudioEffectsQualityAssessment" file="/home/haaken/github-projects/fgcom-mumble/test/audio_processing_tests/test_audio_effects.cpp" line="348" status="run" result="completed" time="0." timestamp="2025-10-02T18:46:07.103" classname="AudioEffectsTest" />
  </testsuite>
  <testsuite name="SampleRateConversionTest" tests="8" failures="0" disabled="0" skipped="0" errors="0" time="0.002" timestamp="2025-10-02T18:46:07.103">
    <testcase name="Upsampling8kTo48k" file="/home/haaken/github-projects/fgcom-mumble/test/audio_processing_tests/test_sample_rate_conversion.cpp" line="4" status="run" result="completed" time="0." timestamp="2025-10-02T18:46:07.103" classname="SampleRateConversionTest" />
    <testcase name="Downsampling48kTo8k" file="/home/haaken/github-projects/fgcom-mumble/test/audio_processing_tests/test_sample_rate_conversion.cpp" line="42" status="run" result="completed" time="0." timestamp="2025-10-02T18:46:07.103" classname="SampleRateConversionTest" />
    <testcase name="ArbitraryRateConversion" file="/home/haaken/github-projects/fgcom-mumble/test/audio_processing_tests/test_sample_rate_conversion.cpp" line="70" status="run" result="completed" time="0." timestamp="2025-10-02T18:46:07.103" classname="SampleRateConversionTest" />
    <testcase name="AntiAliasingFilterVerification" file="/home/haaken/github-projects/fgcom-mumble/test/audio_processing_tests/test_sample_rate_conversion.cpp" line="108" status="run" result="completed" time="0." timestamp="2025-10-02T18:46:07.103" classname="SampleRateConversionTest" />
    <testcase name="InterpolationAccuracy" file="/home/haaken/github-projects/fgcom-mumble/test/audio_processing_tests/test_sample_rate_conversion.cpp" line="156" status="run" result="completed" time="0." timestamp="2025-10-02T18:46:07.103" classname="SampleRateConversionTest" />
    <testcase name="SampleRateConversionPerformance" file="/home/haaken/github-projects/fgcom-mumble/test/audio_processing_tests/test_sample_rate_conversion.cpp" line="216" status="run" result="completed" time="0.001" timestamp="2025-10-02T18:46:07.103" classname="SampleRateConversionTest" />
    <testcase name="SampleRateConversionQuality" file="/home/haaken/github-projects/fgcom-mumble/test/audio_processing_tests/test_sample_rate_conversion.cpp" line="255" status="run" result="completed" time="0." timestamp="2025-10-02T18:46:07.105" classname="SampleRateConversionTest" />
    <testcase name="SampleRateConversionEdgeCases" file="/home/haaken/github-projects/fgcom-mumble/test/audio_processing_tests/test_sample_rate_conversion.cpp" line="319" status="run" result="completed" time="0." timestamp="2025-10-02T18:46:07.105" classname="SampleRateConversionTest" />
  </testsuite>
</testsuites>
