<?xml version="1.0" encoding="UTF-8"?>
<testsuites tests="26" failures="1" disabled="0" errors="0" time="0.428" timestamp="2025-10-02T02:10:28.375" name="AllTests">
  <testsuite name="Audio_Processing_Test" tests="3" failures="1" disabled="0" skipped="0" errors="0" time="0.097" timestamp="2025-10-02T02:10:28.407">
    <testcase name="BasicAudioProcessing" file="/home/haaken/github-projects/fgcom-mumble/test/audio_processing_tests/test_audio_processing_main.cpp" line="4" status="run" result="completed" time="0.026" timestamp="2025-10-02T02:10:28.408" classname="Audio_Processing_Test" />
    <testcase name="AudioProcessingPerformance" file="/home/haaken/github-projects/fgcom-mumble/test/audio_processing_tests/test_audio_processing_main.cpp" line="28" status="run" result="completed" time="0.06" timestamp="2025-10-02T02:10:28.437" classname="Audio_Processing_Test">
      <failure message="/home/haaken/github-projects/fgcom-mumble/test/audio_processing_tests/test_audio_processing_main.cpp:45&#x0A;Expected: (processing_time) &lt; (10.0), actual: 21.480429000000001 vs 10&#x0A;" type=""><![CDATA[/home/haaken/github-projects/fgcom-mumble/test/audio_processing_tests/test_audio_processing_main.cpp:45
Expected: (processing_time) < (10.0), actual: 21.480429000000001 vs 10
]]></failure>
    </testcase>
    <testcase name="AudioProcessingQuality" file="/home/haaken/github-projects/fgcom-mumble/test/audio_processing_tests/test_audio_processing_main.cpp" line="48" status="run" result="completed" time="0.004" timestamp="2025-10-02T02:10:28.499" classname="Audio_Processing_Test" />
  </testsuite>
  <testsuite name="CodecTest" tests="7" failures="0" disabled="0" skipped="0" errors="0" time="0.06" timestamp="2025-10-02T02:10:28.506">
    <testcase name="OpusEncodingDecoding" file="/home/haaken/github-projects/fgcom-mumble/test/audio_processing_tests/test_codec.cpp" line="4" status="run" result="completed" time="0.007" timestamp="2025-10-02T02:10:28.506" classname="CodecTest" />
    <testcase name="BitrateAdaptation" file="/home/haaken/github-projects/fgcom-mumble/test/audio_processing_tests/test_codec.cpp" line="55" status="run" result="completed" time="0.006" timestamp="2025-10-02T02:10:28.514" classname="CodecTest" />
    <testcase name="PacketLossConcealment" file="/home/haaken/github-projects/fgcom-mumble/test/audio_processing_tests/test_codec.cpp" line="114" status="run" result="completed" time="0.009" timestamp="2025-10-02T02:10:28.520" classname="CodecTest" />
    <testcase name="ForwardErrorCorrection" file="/home/haaken/github-projects/fgcom-mumble/test/audio_processing_tests/test_codec.cpp" line="164" status="run" result="completed" time="0.005" timestamp="2025-10-02T02:10:28.529" classname="CodecTest" />
    <testcase name="LatencyMeasurement" file="/home/haaken/github-projects/fgcom-mumble/test/audio_processing_tests/test_codec.cpp" line="219" status="run" result="completed" time="0.004" timestamp="2025-10-02T02:10:28.535" classname="CodecTest" />
    <testcase name="CodecPerformance" file="/home/haaken/github-projects/fgcom-mumble/test/audio_processing_tests/test_codec.cpp" line="271" status="run" result="completed" time="0.02" timestamp="2025-10-02T02:10:28.540" classname="CodecTest" />
    <testcase name="CodecQualityAssessment" file="/home/haaken/github-projects/fgcom-mumble/test/audio_processing_tests/test_codec.cpp" line="314" status="run" result="completed" time="0.005" timestamp="2025-10-02T02:10:28.561" classname="CodecTest" />
  </testsuite>
  <testsuite name="AudioEffectsTest" tests="8" failures="0" disabled="0" skipped="0" errors="0" time="0.076" timestamp="2025-10-02T02:10:28.567">
    <testcase name="BackgroundNoiseInjection" file="/home/haaken/github-projects/fgcom-mumble/test/audio_processing_tests/test_audio_effects.cpp" line="4" status="run" result="completed" time="0.007" timestamp="2025-10-02T02:10:28.567" classname="AudioEffectsTest" />
    <testcase name="SquelchTailElimination" file="/home/haaken/github-projects/fgcom-mumble/test/audio_processing_tests/test_audio_effects.cpp" line="44" status="run" result="completed" time="0.004" timestamp="2025-10-02T02:10:28.575" classname="AudioEffectsTest" />
    <testcase name="ClickRemoval" file="/home/haaken/github-projects/fgcom-mumble/test/audio_processing_tests/test_audio_effects.cpp" line="83" status="run" result="completed" time="0.005" timestamp="2025-10-02T02:10:28.580" classname="AudioEffectsTest" />
    <testcase name="AudioLimiting" file="/home/haaken/github-projects/fgcom-mumble/test/audio_processing_tests/test_audio_effects.cpp" line="129" status="run" result="completed" time="0.005" timestamp="2025-10-02T02:10:28.585" classname="AudioEffectsTest" />
    <testcase name="CompressionExpansion" file="/home/haaken/github-projects/fgcom-mumble/test/audio_processing_tests/test_audio_effects.cpp" line="177" status="run" result="completed" time="0.005" timestamp="2025-10-02T02:10:28.591" classname="AudioEffectsTest" />
    <testcase name="AudioEffectsCombination" file="/home/haaken/github-projects/fgcom-mumble/test/audio_processing_tests/test_audio_effects.cpp" line="250" status="run" result="completed" time="0.006" timestamp="2025-10-02T02:10:28.596" classname="AudioEffectsTest" />
    <testcase name="AudioEffectsPerformance" file="/home/haaken/github-projects/fgcom-mumble/test/audio_processing_tests/test_audio_effects.cpp" line="306" status="run" result="completed" time="0.034" timestamp="2025-10-02T02:10:28.602" classname="AudioEffectsTest" />
    <testcase name="AudioEffectsQualityAssessment" file="/home/haaken/github-projects/fgcom-mumble/test/audio_processing_tests/test_audio_effects.cpp" line="348" status="run" result="completed" time="0.005" timestamp="2025-10-02T02:10:28.637" classname="AudioEffectsTest" />
  </testsuite>
  <testsuite name="SampleRateConversionTest" tests="8" failures="0" disabled="0" skipped="0" errors="0" time="0.159" timestamp="2025-10-02T02:10:28.644">
    <testcase name="Upsampling8kTo48k" file="/home/haaken/github-projects/fgcom-mumble/test/audio_processing_tests/test_sample_rate_conversion.cpp" line="4" status="run" result="completed" time="0.004" timestamp="2025-10-02T02:10:28.644" classname="SampleRateConversionTest" />
    <testcase name="Downsampling48kTo8k" file="/home/haaken/github-projects/fgcom-mumble/test/audio_processing_tests/test_sample_rate_conversion.cpp" line="42" status="run" result="completed" time="0.004" timestamp="2025-10-02T02:10:28.648" classname="SampleRateConversionTest" />
    <testcase name="ArbitraryRateConversion" file="/home/haaken/github-projects/fgcom-mumble/test/audio_processing_tests/test_sample_rate_conversion.cpp" line="70" status="run" result="completed" time="0.004" timestamp="2025-10-02T02:10:28.653" classname="SampleRateConversionTest" />
    <testcase name="AntiAliasingFilterVerification" file="/home/haaken/github-projects/fgcom-mumble/test/audio_processing_tests/test_sample_rate_conversion.cpp" line="108" status="run" result="completed" time="0.006" timestamp="2025-10-02T02:10:28.658" classname="SampleRateConversionTest" />
    <testcase name="InterpolationAccuracy" file="/home/haaken/github-projects/fgcom-mumble/test/audio_processing_tests/test_sample_rate_conversion.cpp" line="156" status="run" result="completed" time="0.006" timestamp="2025-10-02T02:10:28.664" classname="SampleRateConversionTest" />
    <testcase name="SampleRateConversionPerformance" file="/home/haaken/github-projects/fgcom-mumble/test/audio_processing_tests/test_sample_rate_conversion.cpp" line="216" status="run" result="completed" time="0.095" timestamp="2025-10-02T02:10:28.671" classname="SampleRateConversionTest" />
    <testcase name="SampleRateConversionQuality" file="/home/haaken/github-projects/fgcom-mumble/test/audio_processing_tests/test_sample_rate_conversion.cpp" line="255" status="run" result="completed" time="0.019" timestamp="2025-10-02T02:10:28.766" classname="SampleRateConversionTest" />
    <testcase name="SampleRateConversionEdgeCases" file="/home/haaken/github-projects/fgcom-mumble/test/audio_processing_tests/test_sample_rate_conversion.cpp" line="319" status="run" result="completed" time="0.017" timestamp="2025-10-02T02:10:28.786" classname="SampleRateConversionTest" />
  </testsuite>
</testsuites>
