<?xml version="1.0" encoding="UTF-8"?>
<testsuites tests="60" failures="0" disabled="0" errors="0" time="0.089" timestamp="2025-10-02T03:35:47.050" name="AllTests">
  <testsuite name="SingletonTest" tests="7" failures="0" disabled="0" skipped="0" errors="0" time="0.012" timestamp="2025-10-02T03:35:47.050">
    <testcase name="ValidInstanceCreation" file="/home/haaken/github-projects/fgcom-mumble/test/agc_squelch_tests/test_singleton.cpp" line="4" status="run" result="completed" time="0." timestamp="2025-10-02T03:35:47.050" classname="SingletonTest" />
    <testcase name="SameInstanceReturned" file="/home/haaken/github-projects/fgcom-mumble/test/agc_squelch_tests/test_singleton.cpp" line="14" status="run" result="completed" time="0." timestamp="2025-10-02T03:35:47.050" classname="SingletonTest" />
    <testcase name="ThreadSafeAccess" file="/home/haaken/github-projects/fgcom-mumble/test/agc_squelch_tests/test_singleton.cpp" line="22" status="run" result="completed" time="0.001" timestamp="2025-10-02T03:35:47.050" classname="SingletonTest" />
    <testcase name="DestroyAndRecreate" file="/home/haaken/github-projects/fgcom-mumble/test/agc_squelch_tests/test_singleton.cpp" line="52" status="run" result="completed" time="0.01" timestamp="2025-10-02T03:35:47.051" classname="SingletonTest" />
    <testcase name="MemoryLeakVerification" file="/home/haaken/github-projects/fgcom-mumble/test/agc_squelch_tests/test_singleton.cpp" line="75" status="run" result="completed" time="0." timestamp="2025-10-02T03:35:47.061" classname="SingletonTest" />
    <testcase name="RapidCreateDestroy" file="/home/haaken/github-projects/fgcom-mumble/test/agc_squelch_tests/test_singleton.cpp" line="98" status="run" result="completed" time="0." timestamp="2025-10-02T03:35:47.062" classname="SingletonTest" />
    <testcase name="ConcurrentDestroy" file="/home/haaken/github-projects/fgcom-mumble/test/agc_squelch_tests/test_singleton.cpp" line="112" status="run" result="completed" time="0." timestamp="2025-10-02T03:35:47.062" classname="SingletonTest" />
  </testsuite>
  <testsuite name="AGCConfigTest" tests="12" failures="0" disabled="0" skipped="0" errors="0" time="0.001" timestamp="2025-10-02T03:35:47.063">
    <testcase name="DefaultState" file="/home/haaken/github-projects/fgcom-mumble/test/agc_squelch_tests/test_agc_config.cpp" line="4" status="run" result="completed" time="0." timestamp="2025-10-02T03:35:47.063" classname="AGCConfigTest" />
    <testcase name="EnableDisableFunctionality" file="/home/haaken/github-projects/fgcom-mumble/test/agc_squelch_tests/test_agc_config.cpp" line="16" status="run" result="completed" time="0." timestamp="2025-10-02T03:35:47.063" classname="AGCConfigTest" />
    <testcase name="ModeSwitching" file="/home/haaken/github-projects/fgcom-mumble/test/agc_squelch_tests/test_agc_config.cpp" line="31" status="run" result="completed" time="0." timestamp="2025-10-02T03:35:47.063" classname="AGCConfigTest" />
    <testcase name="ThresholdSettingAndClamping" file="/home/haaken/github-projects/fgcom-mumble/test/agc_squelch_tests/test_agc_config.cpp" line="52" status="run" result="completed" time="0." timestamp="2025-10-02T03:35:47.063" classname="AGCConfigTest" />
    <testcase name="AttackTimeSettingAndClamping" file="/home/haaken/github-projects/fgcom-mumble/test/agc_squelch_tests/test_agc_config.cpp" line="84" status="run" result="completed" time="0." timestamp="2025-10-02T03:35:47.063" classname="AGCConfigTest" />
    <testcase name="ReleaseTimeSettingAndClamping" file="/home/haaken/github-projects/fgcom-mumble/test/agc_squelch_tests/test_agc_config.cpp" line="116" status="run" result="completed" time="0." timestamp="2025-10-02T03:35:47.063" classname="AGCConfigTest" />
    <testcase name="MaxGainSettingAndClamping" file="/home/haaken/github-projects/fgcom-mumble/test/agc_squelch_tests/test_agc_config.cpp" line="148" status="run" result="completed" time="0." timestamp="2025-10-02T03:35:47.063" classname="AGCConfigTest" />
    <testcase name="MinGainSettingAndClamping" file="/home/haaken/github-projects/fgcom-mumble/test/agc_squelch_tests/test_agc_config.cpp" line="180" status="run" result="completed" time="0." timestamp="2025-10-02T03:35:47.063" classname="AGCConfigTest" />
    <testcase name="ConfigStructGetSetOperations" file="/home/haaken/github-projects/fgcom-mumble/test/agc_squelch_tests/test_agc_config.cpp" line="212" status="run" result="completed" time="0." timestamp="2025-10-02T03:35:47.063" classname="AGCConfigTest" />
    <testcase name="ThreadSafeConfigurationChanges" file="/home/haaken/github-projects/fgcom-mumble/test/agc_squelch_tests/test_agc_config.cpp" line="240" status="run" result="completed" time="0." timestamp="2025-10-02T03:35:47.063" classname="AGCConfigTest" />
    <testcase name="ExtremeValues" file="/home/haaken/github-projects/fgcom-mumble/test/agc_squelch_tests/test_agc_config.cpp" line="291" status="run" result="completed" time="0." timestamp="2025-10-02T03:35:47.064" classname="AGCConfigTest" />
    <testcase name="InvalidInputHandling" file="/home/haaken/github-projects/fgcom-mumble/test/agc_squelch_tests/test_agc_config.cpp" line="306" status="run" result="completed" time="0." timestamp="2025-10-02T03:35:47.064" classname="AGCConfigTest" />
  </testsuite>
  <testsuite name="SquelchConfigTest" tests="14" failures="0" disabled="0" skipped="0" errors="0" time="0.001" timestamp="2025-10-02T03:35:47.064">
    <testcase name="DefaultState" file="/home/haaken/github-projects/fgcom-mumble/test/agc_squelch_tests/test_squelch_config.cpp" line="4" status="run" result="completed" time="0." timestamp="2025-10-02T03:35:47.064" classname="SquelchConfigTest" />
    <testcase name="EnableDisableFunctionality" file="/home/haaken/github-projects/fgcom-mumble/test/agc_squelch_tests/test_squelch_config.cpp" line="12" status="run" result="completed" time="0." timestamp="2025-10-02T03:35:47.064" classname="SquelchConfigTest" />
    <testcase name="ThresholdSettingAndClamping" file="/home/haaken/github-projects/fgcom-mumble/test/agc_squelch_tests/test_squelch_config.cpp" line="22" status="run" result="completed" time="0." timestamp="2025-10-02T03:35:47.064" classname="SquelchConfigTest" />
    <testcase name="HysteresisSettingAndClamping" file="/home/haaken/github-projects/fgcom-mumble/test/agc_squelch_tests/test_squelch_config.cpp" line="43" status="run" result="completed" time="0." timestamp="2025-10-02T03:35:47.064" classname="SquelchConfigTest" />
    <testcase name="AttackTimeSettingAndClamping" file="/home/haaken/github-projects/fgcom-mumble/test/agc_squelch_tests/test_squelch_config.cpp" line="64" status="run" result="completed" time="0." timestamp="2025-10-02T03:35:47.064" classname="SquelchConfigTest" />
    <testcase name="ReleaseTimeSettingAndClamping" file="/home/haaken/github-projects/fgcom-mumble/test/agc_squelch_tests/test_squelch_config.cpp" line="85" status="run" result="completed" time="0." timestamp="2025-10-02T03:35:47.064" classname="SquelchConfigTest" />
    <testcase name="ToneSquelchEnableDisableWithFrequency" file="/home/haaken/github-projects/fgcom-mumble/test/agc_squelch_tests/test_squelch_config.cpp" line="106" status="run" result="completed" time="0." timestamp="2025-10-02T03:35:47.064" classname="SquelchConfigTest" />
    <testcase name="ToneFrequencyClamping" file="/home/haaken/github-projects/fgcom-mumble/test/agc_squelch_tests/test_squelch_config.cpp" line="119" status="run" result="completed" time="0." timestamp="2025-10-02T03:35:47.064" classname="SquelchConfigTest" />
    <testcase name="NoiseSquelchEnableDisableWithThreshold" file="/home/haaken/github-projects/fgcom-mumble/test/agc_squelch_tests/test_squelch_config.cpp" line="140" status="run" result="completed" time="0." timestamp="2025-10-02T03:35:47.064" classname="SquelchConfigTest" />
    <testcase name="ConfigStructGetSetOperations" file="/home/haaken/github-projects/fgcom-mumble/test/agc_squelch_tests/test_squelch_config.cpp" line="153" status="run" result="completed" time="0." timestamp="2025-10-02T03:35:47.064" classname="SquelchConfigTest" />
    <testcase name="ThreadSafeConfigurationChanges" file="/home/haaken/github-projects/fgcom-mumble/test/agc_squelch_tests/test_squelch_config.cpp" line="183" status="run" result="completed" time="0." timestamp="2025-10-02T03:35:47.064" classname="SquelchConfigTest" />
    <testcase name="ExtremeValues" file="/home/haaken/github-projects/fgcom-mumble/test/agc_squelch_tests/test_squelch_config.cpp" line="236" status="run" result="completed" time="0." timestamp="2025-10-02T03:35:47.065" classname="SquelchConfigTest" />
    <testcase name="InvalidInputHandling" file="/home/haaken/github-projects/fgcom-mumble/test/agc_squelch_tests/test_squelch_config.cpp" line="254" status="run" result="completed" time="0." timestamp="2025-10-02T03:35:47.065" classname="SquelchConfigTest" />
    <testcase name="CombinedToneAndNoiseSquelch" file="/home/haaken/github-projects/fgcom-mumble/test/agc_squelch_tests/test_squelch_config.cpp" line="267" status="run" result="completed" time="0." timestamp="2025-10-02T03:35:47.065" classname="SquelchConfigTest" />
  </testsuite>
  <testsuite name="AudioProcessingTest" tests="15" failures="0" disabled="0" skipped="0" errors="0" time="0.038" timestamp="2025-10-02T03:35:47.065">
    <testcase name="ZeroSampleCountHandling" file="/home/haaken/github-projects/fgcom-mumble/test/agc_squelch_tests/test_audio_processing.cpp" line="4" status="run" result="completed" time="0." timestamp="2025-10-02T03:35:47.065" classname="AudioProcessingTest" />
    <testcase name="NullPointerHandling" file="/home/haaken/github-projects/fgcom-mumble/test/agc_squelch_tests/test_audio_processing.cpp" line="14" status="run" result="completed" time="0." timestamp="2025-10-02T03:35:47.065" classname="AudioProcessingTest" />
    <testcase name="LargeSampleCount" file="/home/haaken/github-projects/fgcom-mumble/test/agc_squelch_tests/test_audio_processing.cpp" line="28" status="run" result="completed" time="0.008" timestamp="2025-10-02T03:35:47.065" classname="AudioProcessingTest" />
    <testcase name="VariousSampleRates" file="/home/haaken/github-projects/fgcom-mumble/test/agc_squelch_tests/test_audio_processing.cpp" line="56" status="run" result="completed" time="0." timestamp="2025-10-02T03:35:47.074" classname="AudioProcessingTest" />
    <testcase name="SineWaveProcessing" file="/home/haaken/github-projects/fgcom-mumble/test/agc_squelch_tests/test_audio_processing.cpp" line="77" status="run" result="completed" time="0." timestamp="2025-10-02T03:35:47.074" classname="AudioProcessingTest" />
    <testcase name="NoiseProcessing" file="/home/haaken/github-projects/fgcom-mumble/test/agc_squelch_tests/test_audio_processing.cpp" line="103" status="run" result="completed" time="0." timestamp="2025-10-02T03:35:47.075" classname="AudioProcessingTest" />
    <testcase name="SilenceProcessing" file="/home/haaken/github-projects/fgcom-mumble/test/agc_squelch_tests/test_audio_processing.cpp" line="122" status="run" result="completed" time="0." timestamp="2025-10-02T03:35:47.075" classname="AudioProcessingTest" />
    <testcase name="ClippingPrevention" file="/home/haaken/github-projects/fgcom-mumble/test/agc_squelch_tests/test_audio_processing.cpp" line="138" status="run" result="completed" time="0." timestamp="2025-10-02T03:35:47.075" classname="AudioProcessingTest" />
    <testcase name="AGCGainApplicationCorrectness" file="/home/haaken/github-projects/fgcom-mumble/test/agc_squelch_tests/test_audio_processing.cpp" line="154" status="run" result="completed" time="0." timestamp="2025-10-02T03:35:47.076" classname="AudioProcessingTest" />
    <testcase name="SquelchMutingCorrectness" file="/home/haaken/github-projects/fgcom-mumble/test/agc_squelch_tests/test_audio_processing.cpp" line="183" status="run" result="completed" time="0." timestamp="2025-10-02T03:35:47.076" classname="AudioProcessingTest" />
    <testcase name="CombinedAGCSquelchProcessing" file="/home/haaken/github-projects/fgcom-mumble/test/agc_squelch_tests/test_audio_processing.cpp" line="205" status="run" result="completed" time="0." timestamp="2025-10-02T03:35:47.076" classname="AudioProcessingTest" />
    <testcase name="BufferOverflowProtection" file="/home/haaken/github-projects/fgcom-mumble/test/agc_squelch_tests/test_audio_processing.cpp" line="229" status="run" result="completed" time="0." timestamp="2025-10-02T03:35:47.076" classname="AudioProcessingTest" />
    <testcase name="ProcessingPerformance" file="/home/haaken/github-projects/fgcom-mumble/test/agc_squelch_tests/test_audio_processing.cpp" line="248" status="run" result="completed" time="0.027" timestamp="2025-10-02T03:35:47.076" classname="AudioProcessingTest" />
    <testcase name="VerySmallSamples" file="/home/haaken/github-projects/fgcom-mumble/test/agc_squelch_tests/test_audio_processing.cpp" line="274" status="run" result="completed" time="0." timestamp="2025-10-02T03:35:47.104" classname="AudioProcessingTest" />
    <testcase name="ExtremeAmplitudes" file="/home/haaken/github-projects/fgcom-mumble/test/agc_squelch_tests/test_audio_processing.cpp" line="284" status="run" result="completed" time="0." timestamp="2025-10-02T03:35:47.104" classname="AudioProcessingTest" />
  </testsuite>
  <testsuite name="MathFunctionTest" tests="12" failures="0" disabled="0" skipped="0" errors="0" time="0.036" timestamp="2025-10-02T03:35:47.104">
    <testcase name="RMSCalculationAccuracy" file="/home/haaken/github-projects/fgcom-mumble/test/agc_squelch_tests/test_math_functions.cpp" line="4" status="run" result="completed" time="0." timestamp="2025-10-02T03:35:47.104" classname="MathFunctionTest" />
    <testcase name="RMSWithZeroSamples" file="/home/haaken/github-projects/fgcom-mumble/test/agc_squelch_tests/test_math_functions.cpp" line="32" status="run" result="completed" time="0." timestamp="2025-10-02T03:35:47.104" classname="MathFunctionTest" />
    <testcase name="RMSWithSilence" file="/home/haaken/github-projects/fgcom-mumble/test/agc_squelch_tests/test_math_functions.cpp" line="41" status="run" result="completed" time="0." timestamp="2025-10-02T03:35:47.104" classname="MathFunctionTest" />
    <testcase name="PeakCalculationAccuracy" file="/home/haaken/github-projects/fgcom-mumble/test/agc_squelch_tests/test_math_functions.cpp" line="59" status="run" result="completed" time="0." timestamp="2025-10-02T03:35:47.104" classname="MathFunctionTest" />
    <testcase name="PeakWithZeroSamples" file="/home/haaken/github-projects/fgcom-mumble/test/agc_squelch_tests/test_math_functions.cpp" line="89" status="run" result="completed" time="0." timestamp="2025-10-02T03:35:47.104" classname="MathFunctionTest" />
    <testcase name="DbToLinearConversionAccuracy" file="/home/haaken/github-projects/fgcom-mumble/test/agc_squelch_tests/test_math_functions.cpp" line="98" status="run" result="completed" time="0.001" timestamp="2025-10-02T03:35:47.104" classname="MathFunctionTest" />
    <testcase name="LinearToDbConversionAccuracy" file="/home/haaken/github-projects/fgcom-mumble/test/agc_squelch_tests/test_math_functions.cpp" line="170" status="run" result="completed" time="0." timestamp="2025-10-02T03:35:47.105" classname="MathFunctionTest" />
    <testcase name="ZeroNegativeInputHandling" file="/home/haaken/github-projects/fgcom-mumble/test/agc_squelch_tests/test_math_functions.cpp" line="196" status="run" result="completed" time="0." timestamp="2025-10-02T03:35:47.105" classname="MathFunctionTest" />
    <testcase name="ExtremeValueHandling" file="/home/haaken/github-projects/fgcom-mumble/test/agc_squelch_tests/test_math_functions.cpp" line="215" status="run" result="completed" time="0." timestamp="2025-10-02T03:35:47.106" classname="MathFunctionTest" />
    <testcase name="ClampFunctionBoundaryTesting" file="/home/haaken/github-projects/fgcom-mumble/test/agc_squelch_tests/test_math_functions.cpp" line="244" status="run" result="completed" time="0.001" timestamp="2025-10-02T03:35:47.106" classname="MathFunctionTest" />
    <testcase name="MathematicalPrecision" file="/home/haaken/github-projects/fgcom-mumble/test/agc_squelch_tests/test_math_functions.cpp" line="286" status="run" result="completed" time="0." timestamp="2025-10-02T03:35:47.107" classname="MathFunctionTest" />
    <testcase name="NumericalStability" file="/home/haaken/github-projects/fgcom-mumble/test/agc_squelch_tests/test_math_functions.cpp" line="319" status="run" result="completed" time="0.032" timestamp="2025-10-02T03:35:47.107" classname="MathFunctionTest" />
  </testsuite>
</testsuites>
