<?xml version="1.0" encoding="UTF-8"?>
<testsuites tests="40" failures="0" disabled="0" errors="0" time="0.462" timestamp="2025-10-02T03:59:06.851" name="AllTests">
  <testsuite name="BandSegmentValidationTest" tests="10" failures="0" disabled="0" skipped="0" errors="0" time="0.268" timestamp="2025-10-02T03:59:06.880">
    <testcase name="AmateurRadioBandSegments" file="/home/haaken/github-projects/fgcom-mumble/test/frequency_management_tests/test_band_segment_validation.cpp" line="4" status="run" result="completed" time="0.038" timestamp="2025-10-02T03:59:06.882" classname="BandSegmentValidationTest" />
    <testcase name="ITURegionDetection" file="/home/haaken/github-projects/fgcom-mumble/test/frequency_management_tests/test_band_segment_validation.cpp" line="49" status="run" result="completed" time="0.002" timestamp="2025-10-02T03:59:06.922" classname="BandSegmentValidationTest" />
    <testcase name="CountrySpecificRegulations" file="/home/haaken/github-projects/fgcom-mumble/test/frequency_management_tests/test_band_segment_validation.cpp" line="71" status="run" result="completed" time="0.004" timestamp="2025-10-02T03:59:06.925" classname="BandSegmentValidationTest" />
    <testcase name="LicenseClassRequirements" file="/home/haaken/github-projects/fgcom-mumble/test/frequency_management_tests/test_band_segment_validation.cpp" line="97" status="run" result="completed" time="0.004" timestamp="2025-10-02T03:59:06.929" classname="BandSegmentValidationTest" />
    <testcase name="PowerLimitEnforcement" file="/home/haaken/github-projects/fgcom-mumble/test/frequency_management_tests/test_band_segment_validation.cpp" line="128" status="run" result="completed" time="0.003" timestamp="2025-10-02T03:59:06.933" classname="BandSegmentValidationTest" />
    <testcase name="ModeValidation" file="/home/haaken/github-projects/fgcom-mumble/test/frequency_management_tests/test_band_segment_validation.cpp" line="155" status="run" result="completed" time="0.003" timestamp="2025-10-02T03:59:06.936" classname="BandSegmentValidationTest" />
    <testcase name="OutOfBandRejection" file="/home/haaken/github-projects/fgcom-mumble/test/frequency_management_tests/test_band_segment_validation.cpp" line="184" status="run" result="completed" time="0.001" timestamp="2025-10-02T03:59:06.940" classname="BandSegmentValidationTest" />
    <testcase name="FrequencyRangeValidation" file="/home/haaken/github-projects/fgcom-mumble/test/frequency_management_tests/test_band_segment_validation.cpp" line="213" status="run" result="completed" time="0.004" timestamp="2025-10-02T03:59:06.942" classname="BandSegmentValidationTest" />
    <testcase name="BandSegmentOverlapDetection" file="/home/haaken/github-projects/fgcom-mumble/test/frequency_management_tests/test_band_segment_validation.cpp" line="246" status="run" result="completed" time="0.002" timestamp="2025-10-02T03:59:06.946" classname="BandSegmentValidationTest" />
    <testcase name="BandSegmentPerformance" file="/home/haaken/github-projects/fgcom-mumble/test/frequency_management_tests/test_band_segment_validation.cpp" line="270" status="run" result="completed" time="0.2" timestamp="2025-10-02T03:59:06.948" classname="BandSegmentValidationTest" />
  </testsuite>
  <testsuite name="AviationFrequencyTest" tests="10" failures="0" disabled="0" skipped="0" errors="0" time="0.069" timestamp="2025-10-02T03:59:07.151">
    <testcase name="CivilVHFValidation" file="/home/haaken/github-projects/fgcom-mumble/test/frequency_management_tests/test_aviation_frequencies.cpp" line="4" status="run" result="completed" time="0.002" timestamp="2025-10-02T03:59:07.151" classname="AviationFrequencyTest" />
    <testcase name="MilitaryVHFUHFValidation" file="/home/haaken/github-projects/fgcom-mumble/test/frequency_management_tests/test_aviation_frequencies.cpp" line="43" status="run" result="completed" time="0.002" timestamp="2025-10-02T03:59:07.154" classname="AviationFrequencyTest" />
    <testcase name="CivilHFBandValidation" file="/home/haaken/github-projects/fgcom-mumble/test/frequency_management_tests/test_aviation_frequencies.cpp" line="66" status="run" result="completed" time="0.001" timestamp="2025-10-02T03:59:07.156" classname="AviationFrequencyTest" />
    <testcase name="EmergencyFrequency" file="/home/haaken/github-projects/fgcom-mumble/test/frequency_management_tests/test_aviation_frequencies.cpp" line="100" status="run" result="completed" time="0.001" timestamp="2025-10-02T03:59:07.158" classname="AviationFrequencyTest" />
    <testcase name="GuardFrequency" file="/home/haaken/github-projects/fgcom-mumble/test/frequency_management_tests/test_aviation_frequencies.cpp" line="124" status="run" result="completed" time="0.001" timestamp="2025-10-02T03:59:07.160" classname="AviationFrequencyTest" />
    <testcase name="AviationFrequencyAllocation" file="/home/haaken/github-projects/fgcom-mumble/test/frequency_management_tests/test_aviation_frequencies.cpp" line="148" status="run" result="completed" time="0.008" timestamp="2025-10-02T03:59:07.162" classname="AviationFrequencyTest" />
    <testcase name="AviationFrequencyChannelSpacing" file="/home/haaken/github-projects/fgcom-mumble/test/frequency_management_tests/test_aviation_frequencies.cpp" line="182" status="run" result="completed" time="0.002" timestamp="2025-10-02T03:59:07.170" classname="AviationFrequencyTest" />
    <testcase name="AviationFrequencyPowerLimits" file="/home/haaken/github-projects/fgcom-mumble/test/frequency_management_tests/test_aviation_frequencies.cpp" line="200" status="run" result="completed" time="0.002" timestamp="2025-10-02T03:59:07.173" classname="AviationFrequencyTest" />
    <testcase name="AviationFrequencyModulation" file="/home/haaken/github-projects/fgcom-mumble/test/frequency_management_tests/test_aviation_frequencies.cpp" line="218" status="run" result="completed" time="0.002" timestamp="2025-10-02T03:59:07.176" classname="AviationFrequencyTest" />
    <testcase name="AviationFrequencyPerformance" file="/home/haaken/github-projects/fgcom-mumble/test/frequency_management_tests/test_aviation_frequencies.cpp" line="236" status="run" result="completed" time="0.041" timestamp="2025-10-02T03:59:07.178" classname="AviationFrequencyTest" />
  </testsuite>
  <testsuite name="MaritimeFrequencyTest" tests="10" failures="0" disabled="0" skipped="0" errors="0" time="0.066" timestamp="2025-10-02T03:59:07.220">
    <testcase name="MaritimeHFBandAllocation" file="/home/haaken/github-projects/fgcom-mumble/test/frequency_management_tests/test_maritime_frequencies.cpp" line="4" status="run" result="completed" time="0.008" timestamp="2025-10-02T03:59:07.220" classname="MaritimeFrequencyTest" />
    <testcase name="DistressFrequencies" file="/home/haaken/github-projects/fgcom-mumble/test/frequency_management_tests/test_maritime_frequencies.cpp" line="35" status="run" result="completed" time="0.002" timestamp="2025-10-02T03:59:07.229" classname="MaritimeFrequencyTest" />
    <testcase name="WorkingFrequencies" file="/home/haaken/github-projects/fgcom-mumble/test/frequency_management_tests/test_maritime_frequencies.cpp" line="66" status="run" result="completed" time="0.002" timestamp="2025-10-02T03:59:07.232" classname="MaritimeFrequencyTest" />
    <testcase name="CoastStationFrequencies" file="/home/haaken/github-projects/fgcom-mumble/test/frequency_management_tests/test_maritime_frequencies.cpp" line="97" status="run" result="completed" time="0.002" timestamp="2025-10-02T03:59:07.234" classname="MaritimeFrequencyTest" />
    <testcase name="MaritimeFrequencyAllocation" file="/home/haaken/github-projects/fgcom-mumble/test/frequency_management_tests/test_maritime_frequencies.cpp" line="125" status="run" result="completed" time="0.002" timestamp="2025-10-02T03:59:07.236" classname="MaritimeFrequencyTest" />
    <testcase name="MaritimeFrequencyChannelSpacing" file="/home/haaken/github-projects/fgcom-mumble/test/frequency_management_tests/test_maritime_frequencies.cpp" line="156" status="run" result="completed" time="0.002" timestamp="2025-10-02T03:59:07.239" classname="MaritimeFrequencyTest" />
    <testcase name="MaritimeFrequencyPowerLimits" file="/home/haaken/github-projects/fgcom-mumble/test/frequency_management_tests/test_maritime_frequencies.cpp" line="173" status="run" result="completed" time="0.002" timestamp="2025-10-02T03:59:07.242" classname="MaritimeFrequencyTest" />
    <testcase name="MaritimeFrequencyModulation" file="/home/haaken/github-projects/fgcom-mumble/test/frequency_management_tests/test_maritime_frequencies.cpp" line="197" status="run" result="completed" time="0.002" timestamp="2025-10-02T03:59:07.245" classname="MaritimeFrequencyTest" />
    <testcase name="MaritimeFrequencyBandAllocation" file="/home/haaken/github-projects/fgcom-mumble/test/frequency_management_tests/test_maritime_frequencies.cpp" line="220" status="run" result="completed" time="0.002" timestamp="2025-10-02T03:59:07.248" classname="MaritimeFrequencyTest" />
    <testcase name="MaritimeFrequencyPerformance" file="/home/haaken/github-projects/fgcom-mumble/test/frequency_management_tests/test_maritime_frequencies.cpp" line="248" status="run" result="completed" time="0.036" timestamp="2025-10-02T03:59:07.251" classname="MaritimeFrequencyTest" />
  </testsuite>
  <testsuite name="FrequencyOffsetTest" tests="10" failures="0" disabled="0" skipped="0" errors="0" time="0.026" timestamp="2025-10-02T03:59:07.287">
    <testcase name="BFOSimulation" file="/home/haaken/github-projects/fgcom-mumble/test/frequency_management_tests/test_frequency_offsets.cpp" line="4" status="run" result="completed" time="0.002" timestamp="2025-10-02T03:59:07.287" classname="FrequencyOffsetTest" />
    <testcase name="SSBFrequencyOffset" file="/home/haaken/github-projects/fgcom-mumble/test/frequency_management_tests/test_frequency_offsets.cpp" line="29" status="run" result="completed" time="0.002" timestamp="2025-10-02T03:59:07.290" classname="FrequencyOffsetTest" />
    <testcase name="CWToneInjection" file="/home/haaken/github-projects/fgcom-mumble/test/frequency_management_tests/test_frequency_offsets.cpp" line="54" status="run" result="completed" time="0.002" timestamp="2025-10-02T03:59:07.293" classname="FrequencyOffsetTest" />
    <testcase name="FrequencyDriftSimulation" file="/home/haaken/github-projects/fgcom-mumble/test/frequency_management_tests/test_frequency_offsets.cpp" line="79" status="run" result="completed" time="0.001" timestamp="2025-10-02T03:59:07.295" classname="FrequencyOffsetTest" />
    <testcase name="CrystalAccuracySimulation" file="/home/haaken/github-projects/fgcom-mumble/test/frequency_management_tests/test_frequency_offsets.cpp" line="102" status="run" result="completed" time="0.002" timestamp="2025-10-02T03:59:07.297" classname="FrequencyOffsetTest" />
    <testcase name="FrequencyOffsetCombination" file="/home/haaken/github-projects/fgcom-mumble/test/frequency_management_tests/test_frequency_offsets.cpp" line="130" status="run" result="completed" time="0.002" timestamp="2025-10-02T03:59:07.300" classname="FrequencyOffsetTest" />
    <testcase name="FrequencyOffsetValidation" file="/home/haaken/github-projects/fgcom-mumble/test/frequency_management_tests/test_frequency_offsets.cpp" line="153" status="run" result="completed" time="0.002" timestamp="2025-10-02T03:59:07.303" classname="FrequencyOffsetTest" />
    <testcase name="FrequencyOffsetPerformance" file="/home/haaken/github-projects/fgcom-mumble/test/frequency_management_tests/test_frequency_offsets.cpp" line="185" status="run" result="completed" time="0.004" timestamp="2025-10-02T03:59:07.305" classname="FrequencyOffsetTest" />
    <testcase name="FrequencyOffsetPrecision" file="/home/haaken/github-projects/fgcom-mumble/test/frequency_management_tests/test_frequency_offsets.cpp" line="221" status="run" result="completed" time="0.002" timestamp="2025-10-02T03:59:07.309" classname="FrequencyOffsetTest" />
    <testcase name="FrequencyOffsetStability" file="/home/haaken/github-projects/fgcom-mumble/test/frequency_management_tests/test_frequency_offsets.cpp" line="246" status="run" result="completed" time="0.002" timestamp="2025-10-02T03:59:07.312" classname="FrequencyOffsetTest" />
  </testsuite>
</testsuites>
