<?xml version="1.0" encoding="UTF-8"?>
<testsuites tests="24" failures="0" disabled="0" errors="0" time="0.208" timestamp="2025-10-02T04:01:01.847" name="AllTests">
  <testsuite name="CoordinateSystemTest" tests="8" failures="0" disabled="0" skipped="0" errors="0" time="0.082" timestamp="2025-10-02T04:01:01.870">
    <testcase name="LatLonToCartesianConversion" file="/home/haaken/github-projects/fgcom-mumble/test/geographic_module_tests/test_coordinate_system.cpp" line="4" status="run" result="completed" time="0.01" timestamp="2025-10-02T04:01:01.871" classname="CoordinateSystemTest" />
    <testcase name="CartesianToLatLonConversion" file="/home/haaken/github-projects/fgcom-mumble/test/geographic_module_tests/test_coordinate_system.cpp" line="44" status="run" result="completed" time="0.008" timestamp="2025-10-02T04:01:01.883" classname="CoordinateSystemTest" />
    <testcase name="GreatCircleDistanceCalculation" file="/home/haaken/github-projects/fgcom-mumble/test/geographic_module_tests/test_coordinate_system.cpp" line="78" status="run" result="completed" time="0.007" timestamp="2025-10-02T04:01:01.891" classname="CoordinateSystemTest" />
    <testcase name="BearingCalculation" file="/home/haaken/github-projects/fgcom-mumble/test/geographic_module_tests/test_coordinate_system.cpp" line="115" status="run" result="completed" time="0.005" timestamp="2025-10-02T04:01:01.900" classname="CoordinateSystemTest" />
    <testcase name="CoordinateValidation" file="/home/haaken/github-projects/fgcom-mumble/test/geographic_module_tests/test_coordinate_system.cpp" line="164" status="run" result="completed" time="0.001" timestamp="2025-10-02T04:01:01.905" classname="CoordinateSystemTest" />
    <testcase name="DatumConversionWGS84" file="/home/haaken/github-projects/fgcom-mumble/test/geographic_module_tests/test_coordinate_system.cpp" line="187" status="run" result="completed" time="0.004" timestamp="2025-10-02T04:01:01.907" classname="CoordinateSystemTest" />
    <testcase name="CoordinateSystemPerformance" file="/home/haaken/github-projects/fgcom-mumble/test/geographic_module_tests/test_coordinate_system.cpp" line="221" status="run" result="completed" time="0.037" timestamp="2025-10-02T04:01:01.911" classname="CoordinateSystemTest" />
    <testcase name="CoordinateSystemAccuracy" file="/home/haaken/github-projects/fgcom-mumble/test/geographic_module_tests/test_coordinate_system.cpp" line="257" status="run" result="completed" time="0.002" timestamp="2025-10-02T04:01:01.949" classname="CoordinateSystemTest" />
  </testsuite>
  <testsuite name="TerrainDataTest" tests="8" failures="0" disabled="0" skipped="0" errors="0" time="0.038" timestamp="2025-10-02T04:01:01.954">
    <testcase name="ASTERGDEMDataLoading" file="/home/haaken/github-projects/fgcom-mumble/test/geographic_module_tests/test_terrain_data.cpp" line="4" status="run" result="completed" time="0.005" timestamp="2025-10-02T04:01:01.954" classname="TerrainDataTest" />
    <testcase name="ElevationLookup" file="/home/haaken/github-projects/fgcom-mumble/test/geographic_module_tests/test_terrain_data.cpp" line="38" status="run" result="completed" time="0.004" timestamp="2025-10-02T04:01:01.959" classname="TerrainDataTest" />
    <testcase name="InterpolationBetweenPoints" file="/home/haaken/github-projects/fgcom-mumble/test/geographic_module_tests/test_terrain_data.cpp" line="73" status="run" result="completed" time="0.004" timestamp="2025-10-02T04:01:01.964" classname="TerrainDataTest" />
    <testcase name="MissingDataHandling" file="/home/haaken/github-projects/fgcom-mumble/test/geographic_module_tests/test_terrain_data.cpp" line="124" status="run" result="completed" time="0.002" timestamp="2025-10-02T04:01:01.969" classname="TerrainDataTest" />
    <testcase name="TerrainProfileGeneration" file="/home/haaken/github-projects/fgcom-mumble/test/geographic_module_tests/test_terrain_data.cpp" line="170" status="run" result="completed" time="0.007" timestamp="2025-10-02T04:01:01.972" classname="TerrainDataTest" />
    <testcase name="MultiPolygonSupport" file="/home/haaken/github-projects/fgcom-mumble/test/geographic_module_tests/test_terrain_data.cpp" line="234" status="run" result="completed" time="0.004" timestamp="2025-10-02T04:01:01.979" classname="TerrainDataTest" />
    <testcase name="TerrainDataPerformance" file="/home/haaken/github-projects/fgcom-mumble/test/geographic_module_tests/test_terrain_data.cpp" line="289" status="run" result="completed" time="0.005" timestamp="2025-10-02T04:01:01.984" classname="TerrainDataTest" />
    <testcase name="TerrainDataAccuracy" file="/home/haaken/github-projects/fgcom-mumble/test/geographic_module_tests/test_terrain_data.cpp" line="323" status="run" result="completed" time="0.003" timestamp="2025-10-02T04:01:01.990" classname="TerrainDataTest" />
  </testsuite>
  <testsuite name="VehicleDynamicsTest" tests="8" failures="0" disabled="0" skipped="0" errors="0" time="0.062" timestamp="2025-10-02T04:01:01.993">
    <testcase name="PositionTracking" file="/home/haaken/github-projects/fgcom-mumble/test/geographic_module_tests/test_vehicle_dynamics.cpp" line="4" status="run" result="completed" time="0.006" timestamp="2025-10-02T04:01:01.993" classname="VehicleDynamicsTest" />
    <testcase name="VelocityCalculation" file="/home/haaken/github-projects/fgcom-mumble/test/geographic_module_tests/test_vehicle_dynamics.cpp" line="43" status="run" result="completed" time="0.004" timestamp="2025-10-02T04:01:02.000" classname="VehicleDynamicsTest" />
    <testcase name="HeadingBearing" file="/home/haaken/github-projects/fgcom-mumble/test/geographic_module_tests/test_vehicle_dynamics.cpp" line="87" status="run" result="completed" time="0.003" timestamp="2025-10-02T04:01:02.005" classname="VehicleDynamicsTest" />
    <testcase name="AltitudeChanges" file="/home/haaken/github-projects/fgcom-mumble/test/geographic_module_tests/test_vehicle_dynamics.cpp" line="130" status="run" result="completed" time="0.004" timestamp="2025-10-02T04:01:02.009" classname="VehicleDynamicsTest" />
    <testcase name="AntennaOrientation" file="/home/haaken/github-projects/fgcom-mumble/test/geographic_module_tests/test_vehicle_dynamics.cpp" line="169" status="run" result="completed" time="0.004" timestamp="2025-10-02T04:01:02.013" classname="VehicleDynamicsTest" />
    <testcase name="MobileVsStationaryDetection" file="/home/haaken/github-projects/fgcom-mumble/test/geographic_module_tests/test_vehicle_dynamics.cpp" line="214" status="run" result="completed" time="0.002" timestamp="2025-10-02T04:01:02.017" classname="VehicleDynamicsTest" />
    <testcase name="VehicleDynamicsPerformance" file="/home/haaken/github-projects/fgcom-mumble/test/geographic_module_tests/test_vehicle_dynamics.cpp" line="261" status="run" result="completed" time="0.029" timestamp="2025-10-02T04:01:02.020" classname="VehicleDynamicsTest" />
    <testcase name="VehicleDynamicsAccuracy" file="/home/haaken/github-projects/fgcom-mumble/test/geographic_module_tests/test_vehicle_dynamics.cpp" line="309" status="run" result="completed" time="0.006" timestamp="2025-10-02T04:01:02.049" classname="VehicleDynamicsTest" />
  </testsuite>
</testsuites>
